0 info it worked if it ends with ok
1 verbose cli [ 'node', '/usr/local/bin/npm', 'start' ]
2 info using npm@2.4.1
3 info using node@v0.10.33
4 verbose node symlink /usr/local/bin/node
5 verbose run-script [ 'prestart', 'start', 'poststart' ]
6 info prestart application-name@0.0.1
7 verbose unsafe-perm in lifecycle true
8 info start application-name@0.0.1
9 verbose unsafe-perm in lifecycle true
10 info application-name@0.0.1 Failed to exec start script
11 verbose stack Error: application-name@0.0.1 start: `node bin/www`
11 verbose stack Exit status 8
11 verbose stack     at EventEmitter.<anonymous> (/usr/local/lib/node_modules/npm/lib/utils/lifecycle.js:213:16)
11 verbose stack     at EventEmitter.emit (events.js:98:17)
11 verbose stack     at ChildProcess.<anonymous> (/usr/local/lib/node_modules/npm/lib/utils/spawn.js:14:12)
11 verbose stack     at ChildProcess.emit (events.js:98:17)
11 verbose stack     at maybeClose (child_process.js:756:16)
11 verbose stack     at Process.ChildProcess._handle.onexit (child_process.js:823:5)
12 verbose pkgid application-name@0.0.1
13 verbose cwd /Users/jeancarlonascimento/www/workshops/online-presencial-abril-2015/projeto-final
14 error Darwin 14.3.0
15 error argv "node" "/usr/local/bin/npm" "start"
16 error node v0.10.33
17 error npm  v2.4.1
18 error code ELIFECYCLE
19 error application-name@0.0.1 start: `node bin/www`
19 error Exit status 8
20 error Failed at the application-name@0.0.1 start script 'node bin/www'.
20 error This is most likely a problem with the application-name package,
20 error not with npm itself.
20 error Tell the author that this fails on your system:
20 error     node bin/www
20 error You can get their info via:
20 error     npm owner ls application-name
20 error There is likely additional logging output above.
21 verbose exit [ 1, true ]
